<?xml version="1.0" encoding="UTF-8"?>
<testng-results ignored="0" total="4" passed="4" failed="0" skipped="0">
  <reporter-output>
  </reporter-output>
  <suite started-at="2022-12-11T22:05:39 PST" name="Suite" finished-at="2022-12-11T22:06:45 PST" duration-ms="66145">
    <groups>
    </groups>
    <test started-at="2022-12-11T22:05:39 PST" name="Test" finished-at="2022-12-11T22:06:45 PST" duration-ms="66145">
      <class name="ddtNopCom.NOPCommLoginTest">
        <test-method is-config="true" signature="launchApp()[pri:0, instance:ddtNopCom.NOPCommLoginTest@6574a52c]" started-at="2022-12-11T22:05:39 PST" name="launchApp" finished-at="2022-12-11T22:05:43 PST" duration-ms="3789" status="PASS">
          <reporter-output>
          </reporter-output>
        </test-method> <!-- launchApp -->
        <test-method signature="verifyLoginWithInValidUser(java.lang.String,java.lang.String)[pri:0, instance:ddtNopCom.NOPCommLoginTest@6574a52c]" started-at="2022-12-11T22:05:43 PST" name="verifyLoginWithInValidUser" data-provider="regressionData" finished-at="2022-12-11T22:05:53 PST" duration-ms="10504" status="PASS">
          <params>
            <param index="0">
              <value>
                <![CDATA[abiramiRegsssion@google.com]]>
              </value>
            </param>
            <param index="1">
              <value>
                <![CDATA[demo@123]]>
              </value>
            </param>
          </params>
          <reporter-output>
          </reporter-output>
        </test-method> <!-- verifyLoginWithInValidUser -->
        <test-method signature="verifyLoginWithInValidUser(java.lang.String,java.lang.String)[pri:0, instance:ddtNopCom.NOPCommLoginTest@6574a52c]" started-at="2022-12-11T22:05:53 PST" name="verifyLoginWithInValidUser" data-provider="regressionData" finished-at="2022-12-11T22:06:04 PST" duration-ms="10677" status="PASS">
          <params>
            <param index="0">
              <value>
                <![CDATA[KritikaRegsssion@yahoo.com]]>
              </value>
            </param>
            <param index="1">
              <value>
                <![CDATA[password]]>
              </value>
            </param>
          </params>
          <reporter-output>
          </reporter-output>
        </test-method> <!-- verifyLoginWithInValidUser -->
        <test-method signature="verifyLoginWithInValidUser(java.lang.String,java.lang.String)[pri:0, instance:ddtNopCom.NOPCommLoginTest@6574a52c]" started-at="2022-12-11T22:06:04 PST" name="verifyLoginWithInValidUser" data-provider="regressionData" finished-at="2022-12-11T22:06:14 PST" duration-ms="9782" status="PASS">
          <params>
            <param index="0">
              <value>
                <![CDATA[PriyankaRegsssion@gmail.com]]>
              </value>
            </param>
            <param index="1">
              <value>
                <![CDATA[password]]>
              </value>
            </param>
          </params>
          <reporter-output>
          </reporter-output>
        </test-method> <!-- verifyLoginWithInValidUser -->
        <test-method signature="verifyLoginWithInValidUser(java.lang.String,java.lang.String)[pri:0, instance:ddtNopCom.NOPCommLoginTest@6574a52c]" started-at="2022-12-11T22:06:14 PST" name="verifyLoginWithInValidUser" data-provider="regressionData" finished-at="2022-12-11T22:06:24 PST" duration-ms="10062" status="PASS">
          <params>
            <param index="0">
              <value>
                <![CDATA[sidRegsssion@gmail.com]]>
              </value>
            </param>
            <param index="1">
              <value>
                <![CDATA[password]]>
              </value>
            </param>
          </params>
          <reporter-output>
          </reporter-output>
        </test-method> <!-- verifyLoginWithInValidUser -->
        <test-method is-config="true" signature="closeApp()[pri:0, instance:ddtNopCom.NOPCommLoginTest@6574a52c]" started-at="2022-12-11T22:06:24 PST" name="closeApp" finished-at="2022-12-11T22:06:45 PST" duration-ms="21278" status="PASS">
          <reporter-output>
          </reporter-output>
        </test-method> <!-- closeApp -->
      </class> <!-- ddtNopCom.NOPCommLoginTest -->
    </test> <!-- Test -->
  </suite> <!-- Suite -->
</testng-results>
